#
# A fatal error has been detected by the Java Runtime Environment:
#
#  Internal Error (os_windows_x86.cpp:114), pid=3788, tid=5464
#  Error: guarantee(result == -1,"Unexpected result from topLevelExceptionFilter")
#
# JRE version: 6.0_17-b04
# Java VM: Java HotSpot(TM) 64-Bit Server VM (14.3-b01 mixed mode windows-amd64 )
# If you would like to submit a bug report, please visit:
#   http://java.sun.com/webapps/bugreport/crash.jsp
# The crash happened outside the Java Virtual Machine in native code.
# See problematic frame for where to report the bug.
#

---------------  T H R E A D  ---------------

Current thread (0x0000000005293800):  JavaThread "main" [_thread_in_native, id=5464, stack(0x0000000000080000,0x0000000004080000)]

Stack: [0x0000000000080000,0x0000000004080000]
[error occurred during error reporting (printing stack bounds), id 0xc0000005]

Java frames: (J=compiled Java code, j=interpreted, Vv=VM code)
j  com.mathworks.jmi.NativeMatlab.ProcessPendingEvents()Z+0
j  com.mathworks.jmi.NativeMatlab.processPendingEvents()Z+8
j  com.mathworks.jmi.Matlab$ProcessPendingEvents.callBooleanMethod(Ljava/lang/Object;)Z+0
j  com.mathworks.util.FactoryUtils.processPendingEvents()Z+12
j  com.mathworks.widgets.desk.Desktop.canClose()Z+38
j  com.mathworks.mde.desk.MLDesktop.canClose()Z+113
j  com.mathworks.mde.desk.MLDesktop$2.call()Ljava/lang/Boolean;+4
j  com.mathworks.mde.desk.MLDesktop$2.call()Ljava/lang/Object;+1
j  com.mathworks.jmi.Matlab.isOkToExit()Z+54
v  ~StubRoutines::call_stub
j  com.mathworks.jmi.NativeMatlab.SendMatlabMessage(Ljava/lang/Object;)Ljava/lang/Object;+0
j  com.mathworks.jmi.NativeMatlab.sendMatlabMessage(Ljava/lang/Object;)Ljava/lang/Object;+22
j  com.mathworks.jmi.MatlabLooper.sendMatlabMessage(Lcom/mathworks/services/message/MWMessage;)Ljava/lang/Object;+20
j  com.mathworks.jmi.Matlab.mtFevalConsoleOutput(Ljava/lang/String;[Ljava/lang/Object;I)Ljava/lang/Object;+58
j  com.mathworks.mde.desk.MLDesktop$9.run()V+14
j  com.mathworks.jmi.NativeMatlab.dispatchMTRequests(Z)V+57
v  ~StubRoutines::call_stub

---------------  P R O C E S S  ---------------

Java Threads: ( => current thread )
  0x000000000f669000 JavaThread "Prefs Updater" daemon [_thread_blocked, id=5796, stack(0x0000000066710000,0x0000000066790000)]
  0x000000000f664000 JavaThread "Foxtrot Multi Worker Thread Runner #1" daemon [_thread_blocked, id=2668, stack(0x0000000067e60000,0x0000000067ee0000)]
  0x000000000f668800 JavaThread "Timer-608" [_thread_blocked, id=2480, stack(0x0000000048ad0000,0x0000000048b50000)]
  0x000000000f667800 JavaThread "pool-8-thread-1" [_thread_blocked, id=5192, stack(0x0000000066670000,0x00000000666f0000)]
  0x000000000f65f800 JavaThread "Timer queue for AWT thread" daemon [_thread_blocked, id=5152, stack(0x0000000025a50000,0x0000000025ad0000)]
  0x000000000f66c000 JavaThread "pool-7-thread-1" [_thread_blocked, id=4260, stack(0x0000000064870000,0x00000000648f0000)]
  0x000000000f666000 JavaThread "Active Reference Queue Daemon" daemon [_thread_blocked, id=2312, stack(0x0000000021450000,0x00000000214d0000)]
  0x000000000f665000 JavaThread "Timer-8" daemon [_thread_blocked, id=5332, stack(0x00000000643d0000,0x0000000064450000)]
  0x000000000f665800 JavaThread "Timer-7" daemon [_thread_blocked, id=3120, stack(0x00000000644e0000,0x0000000064560000)]
  0x000000000f663800 JavaThread "Explorer NavigationContext request queue" [_thread_blocked, id=5884, stack(0x0000000048b70000,0x0000000048bf0000)]
  0x000000000f662000 JavaThread "AddressBar directory emptiness poller" [_thread_blocked, id=212, stack(0x0000000062770000,0x00000000627f0000)]
  0x000000000f660800 JavaThread "Timer-1" [_thread_blocked, id=5976, stack(0x00000000626b0000,0x0000000062730000)]
  0x000000000f65f000 JavaThread "TimerQueue" daemon [_thread_blocked, id=5704, stack(0x0000000044a30000,0x0000000044ab0000)]
  0x000000000f18c000 JavaThread "FelixPackageAdmin" daemon [_thread_blocked, id=5516, stack(0x000000001d230000,0x000000001d2b0000)]
  0x000000000f18b800 JavaThread "FelixStartLevel" daemon [_thread_blocked, id=4540, stack(0x00000000150c0000,0x0000000015140000)]
  0x000000000f38f800 JavaThread "FelixDispatchQueue" daemon [_thread_blocked, id=6112, stack(0x0000000014ff0000,0x0000000015070000)]
  0x000000000f562000 JavaThread "AWT-EventQueue-0" [_thread_blocked, id=2588, stack(0x0000000010f00000,0x0000000010f80000)]
  0x000000000ed92000 JavaThread "com.google.common.base.internal.Finalizer" daemon [_thread_blocked, id=4676, stack(0x000000000dc90000,0x000000000dd10000)]
  0x000000000e2cb000 JavaThread "AWT-Windows" daemon [_thread_in_native, id=5812, stack(0x0000000007e70000,0x0000000007ef0000)]
  0x000000000e2ca800 JavaThread "AWT-Shutdown" [_thread_blocked, id=5576, stack(0x0000000007d00000,0x0000000007d80000)]
  0x000000000e2c9800 JavaThread "Java2D Disposer" daemon [_thread_blocked, id=4872, stack(0x0000000007f40000,0x0000000007fc0000)]
  0x000000000eb36000 JavaThread "Timer-0" [_thread_blocked, id=5768, stack(0x0000000007da0000,0x0000000007e20000)]
  0x000000000e18f800 JavaThread "EventMgr Dispatcher" daemon [_thread_in_native, id=5112, stack(0x0000000010f90000,0x0000000014f90000)]
  0x000000000da05000 JavaThread "Low Memory Detector" daemon [_thread_blocked, id=3820, stack(0x000000000dd10000,0x000000000dd90000)]
  0x000000000da03800 JavaThread "CompilerThread1" daemon [_thread_blocked, id=340, stack(0x0000000058e40000,0x000000005ce40000)]
  0x000000000d9b2000 JavaThread "CompilerThread0" daemon [_thread_blocked, id=5820, stack(0x0000000054e10000,0x0000000058e10000)]
  0x000000000d9b1800 JavaThread "Attach Listener" daemon [_thread_blocked, id=4048, stack(0x000000000ce90000,0x000000000cf10000)]
  0x000000000d999800 JavaThread "Finalizer" daemon [_thread_blocked, id=1948, stack(0x000000000dbe0000,0x000000000dc60000)]
  0x000000000d993800 JavaThread "Reference Handler" daemon [_thread_blocked, id=3880, stack(0x000000000ce10000,0x000000000ce90000)]
=>0x0000000005293800 JavaThread "main" [_thread_in_native, id=5464, stack(0x0000000000080000,0x0000000004080000)]

Other Threads:
  0x000000000534f800 VMThread [stack: 0x0000000050da0000,0x0000000054da0000] [id=1376]
  0x000000000da30800 WatcherThread [stack: 0x000000005ceb0000,0x0000000060eb0000] [id=4936]

VM state:not at safepoint (normal execution)

VM Mutex/Monitor currently owned by a thread: None

Heap
 PSYoungGen      total 27968K, used 17733K [0x000000003d8a0000, 0x000000003f660000, 0x00000000409a0000)
  eden space 27328K, 62% used [0x000000003d8a0000,0x000000003e95a7c8,0x000000003f350000)
  from space 640K, 94% used [0x000000003f5c0000,0x000000003f656d50,0x000000003f660000)
  to   space 1536K, 0% used [0x000000003f360000,0x000000003f360000,0x000000003f4e0000)
 PSOldGen        total 84416K, used 78482K [0x00000000345a0000, 0x0000000039810000, 0x000000003d8a0000)
  object space 84416K, 92% used [0x00000000345a0000,0x00000000392448c8,0x0000000039810000)
 PSPermGen       total 117312K, used 75218K [0x000000002c5a0000, 0x0000000033830000, 0x00000000345a0000)
  object space 117312K, 64% used [0x000000002c5a0000,0x0000000030f14a98,0x0000000033830000)

Dynamic libraries:
0x000000013fda0000 - 0x000000013fdd2000 	D:\Program Files\MATLAB\R2012a\bin\win64\MATLAB.exe
0x0000000077c00000 - 0x0000000077dac000 	C:\windows\SYSTEM32\ntdll.dll
0x0000000077ae0000 - 0x0000000077bff000 	C:\windows\system32\kernel32.dll
0x000007fefdc30000 - 0x000007fefdc9c000 	C:\windows\system32\KERNELBASE.dll
0x0000000074460000 - 0x0000000074554000 	D:\Program Files\MATLAB\R2012a\bin\win64\libut.dll
0x00000000758a0000 - 0x0000000075952000 	D:\Program Files\MATLAB\R2012a\bin\win64\libmwi18n.dll
0x0000000180000000 - 0x000000018000b000 	D:\Program Files\MATLAB\R2012a\bin\win64\libmwresource_core.dll
0x000000006de20000 - 0x000000006def3000 	C:\windows\WinSxS\amd64_microsoft.vc90.crt_1fc8b3b9a1e18e3b_9.0.30729.4926_none_08e1a05ba83fe554\MSVCP90.dll
0x0000000071310000 - 0x00000000713ad000 	C:\windows\WinSxS\amd64_microsoft.vc90.crt_1fc8b3b9a1e18e3b_9.0.30729.4926_none_08e1a05ba83fe554\MSVCR90.dll
0x000000007a170000 - 0x000000007a19c000 	D:\Program Files\MATLAB\R2012a\bin\win64\boost_filesystem-vc90-mt-1_44.dll
0x000000007a560000 - 0x000000007a569000 	D:\Program Files\MATLAB\R2012a\bin\win64\boost_system-vc90-mt-1_44.dll
0x000007fefe440000 - 0x000007fefe51b000 	C:\windows\system32\ADVAPI32.dll
0x000007fefe200000 - 0x000007fefe29f000 	C:\windows\system32\msvcrt.dll
0x000007fefe000000 - 0x000007fefe01f000 	C:\windows\SYSTEM32\sechost.dll
0x000007fefecc0000 - 0x000007fefedee000 	C:\windows\system32\RPCRT4.dll
0x000000007a010000 - 0x000000007a035000 	D:\Program Files\MATLAB\R2012a\bin\win64\LIBEXPAT.dll
0x000000006da10000 - 0x000000006dc01000 	D:\Program Files\MATLAB\R2012a\bin\win64\icuin44.dll
0x0000000070150000 - 0x00000000702c1000 	D:\Program Files\MATLAB\R2012a\bin\win64\icuuc44.dll
0x0000000010000000 - 0x0000000010e41000 	D:\Program Files\MATLAB\R2012a\bin\win64\icudt44.dll
0x0000000073f70000 - 0x00000000740ad000 	D:\Program Files\MATLAB\R2012a\bin\win64\libmwfl.dll
0x0000000004270000 - 0x0000000004566000 	D:\Program Files\MATLAB\R2012a\bin\win64\libmwMATLAB_res.dll
0x000000007a3b0000 - 0x000000007a3c0000 	D:\Program Files\MATLAB\R2012a\bin\win64\boost_date_time-vc90-mt-1_44.dll
0x000000007a250000 - 0x000000007a263000 	D:\Program Files\MATLAB\R2012a\bin\win64\boost_signals-vc90-mt-1_44.dll
0x000000007a2d0000 - 0x000000007a2e2000 	D:\Program Files\MATLAB\R2012a\bin\win64\boost_thread-vc90-mt-1_44.dll
0x00000000045a0000 - 0x00000000045e6000 	D:\Program Files\MATLAB\R2012a\bin\win64\tbb.dll
0x000007fefefe0000 - 0x000007fefeff7000 	C:\windows\system32\imagehlp.dll
0x0000000077dd0000 - 0x0000000077dd7000 	C:\windows\system32\PSAPI.DLL
0x0000000070510000 - 0x0000000070523000 	D:\Program Files\MATLAB\R2012a\bin\win64\icuio44.dll
0x000007fef2750000 - 0x000007fef2875000 	C:\windows\system32\dbghelp.dll
0x00000000778a0000 - 0x000000007799a000 	C:\windows\system32\USER32.dll
0x000007fefe690000 - 0x000007fefe6f7000 	C:\windows\system32\GDI32.dll
0x000007fefddf0000 - 0x000007fefddfe000 	C:\windows\system32\LPK.dll
0x000007fefe520000 - 0x000007fefe5ea000 	C:\windows\system32\USP10.dll
0x000000007bed0000 - 0x000000007c183000 	D:\Program Files\MATLAB\R2012a\bin\win64\libmwservices.dll
0x0000000075a20000 - 0x0000000075ae2000 	D:\Program Files\MATLAB\R2012a\bin\win64\libmx.dll
0x000000007a210000 - 0x000000007a228000 	D:\Program Files\MATLAB\R2012a\bin\win64\zlib1.dll
0x0000000004640000 - 0x0000000004661000 	D:\Program Files\MATLAB\R2012a\bin\win64\libmwmfl_scalar.dll
0x0000000075f10000 - 0x0000000075f5d000 	D:\Program Files\MATLAB\R2012a\bin\win64\mpath.dll
0x000000007b680000 - 0x000000007bbe1000 	D:\Program Files\MATLAB\R2012a\bin\win64\mlutil.dll
0x000000006dd90000 - 0x000000006de0f000 	D:\Program Files\MATLAB\R2012a\bin\win64\xmlcore.dll
0x000000007bc30000 - 0x000000007be83000 	D:\Program Files\MATLAB\R2012a\bin\win64\xerces-c_2_7.dll
0x000007fefdda0000 - 0x000007fefdded000 	C:\windows\system32\WS2_32.dll
0x000007fefe3a0000 - 0x000007fefe3a8000 	C:\windows\system32\NSI.dll
0x00000000046c0000 - 0x00000000046da000 	D:\Program Files\MATLAB\R2012a\bin\win64\libmwMATLAB_settings_res.dll
0x00000000046f0000 - 0x0000000004737000 	D:\Program Files\MATLAB\R2012a\bin\win64\boost_serialization-vc90-mt-1_44.dll
0x000007feff180000 - 0x000007fefff06000 	C:\windows\system32\SHELL32.dll
0x000007fefde50000 - 0x000007fefdec1000 	C:\windows\system32\SHLWAPI.dll
0x000007fef39e0000 - 0x000007fef3a80000 	C:\windows\WinSxS\amd64_microsoft.windows.common-controls_6595b64144ccf1df_5.82.7600.16661_none_a44e1fc257f685f6\COMCTL32.dll
0x000007fefe700000 - 0x000007fefe798000 	C:\windows\system32\COMDLG32.dll
0x000007fefbe20000 - 0x000007fefbe36000 	C:\windows\system32\NETAPI32.dll
0x000007fefbe10000 - 0x000007fefbe1c000 	C:\windows\system32\netutils.dll
0x000007fefcf50000 - 0x000007fefcf73000 	C:\windows\system32\srvcli.dll
0x000007fefbdf0000 - 0x000007fefbe05000 	C:\windows\system32\wkscli.dll
0x000007fefeab0000 - 0x000007fefecb2000 	C:\windows\system32\ole32.dll
0x000007fefedf0000 - 0x000007fefeec7000 	C:\windows\system32\OLEAUT32.dll
0x0000000074970000 - 0x0000000074b06000 	D:\Program Files\MATLAB\R2012a\bin\win64\mcr.dll
0x0000000075000000 - 0x000000007536b000 	D:\Program Files\MATLAB\R2012a\bin\win64\iqm.dll
0x0000000065e20000 - 0x0000000066641000 	D:\Program Files\MATLAB\R2012a\bin\win64\m_interpreter.dll
0x0000000073a10000 - 0x0000000073a35000 	D:\Program Files\MATLAB\R2012a\bin\win64\libmex.dll
0x000000006dcd0000 - 0x000000006dd83000 	D:\Program Files\MATLAB\R2012a\bin\win64\m_dispatcher.dll
0x0000000074880000 - 0x000000007496d000 	D:\Program Files\MATLAB\R2012a\bin\win64\boost_regex-vc90-mt-1_44.dll
0x00000000703c0000 - 0x0000000070444000 	D:\Program Files\MATLAB\R2012a\bin\win64\profiler.dll
0x00000000047c0000 - 0x0000000004a15000 	D:\Program Files\MATLAB\R2012a\bin\win64\libmwmathutil.dll
0x0000000079f40000 - 0x0000000079f6d000 	D:\Program Files\MATLAB\R2012a\bin\win64\libmwmathrng.dll
0x0000000074c10000 - 0x0000000074ced000 	D:\Program Files\MATLAB\R2012a\bin\win64\libmwmathcore.dll
0x0000000076160000 - 0x00000000761cb000 	D:\Program Files\MATLAB\R2012a\bin\win64\libmwspmatrix.dll
0x0000000075ea0000 - 0x0000000075f02000 	D:\Program Files\MATLAB\R2012a\bin\win64\libmwcholmod.dll
0x000000007a460000 - 0x000000007a46d000 	D:\Program Files\MATLAB\R2012a\bin\win64\libmwamd.dll
0x000000007a4b0000 - 0x000000007a4bc000 	D:\Program Files\MATLAB\R2012a\bin\win64\libmwcolamd.dll
0x00000000704f0000 - 0x0000000070509000 	D:\Program Files\MATLAB\R2012a\bin\win64\libmwblas.dll
0x000000006dcb0000 - 0x000000006dcc2000 	D:\Program Files\MATLAB\R2012a\bin\win64\libmwbinder.dll
0x0000000073990000 - 0x000000007399b000 	D:\Program Files\MATLAB\R2012a\bin\win64\libmwompwrapper.dll
0x000000006dc20000 - 0x000000006dca6000 	D:\Program Files\MATLAB\R2012a\bin\win64\libmwlapack.dll
0x000000006d9e0000 - 0x000000006da01000 	D:\Program Files\MATLAB\R2012a\bin\win64\m_pcodeio.dll
0x0000000079b10000 - 0x0000000079b77000 	D:\Program Files\MATLAB\R2012a\bin\win64\m_ir.dll
0x0000000066830000 - 0x0000000066e80000 	D:\Program Files\MATLAB\R2012a\bin\win64\m_parser.dll
0x000000006d9c0000 - 0x000000006d9da000 	D:\Program Files\MATLAB\R2012a\bin\win64\ir_xfmr.dll
0x000000006d110000 - 0x000000006d389000 	D:\Program Files\MATLAB\R2012a\bin\win64\mcos.dll
0x0000000070140000 - 0x000000007014c000 	D:\Program Files\MATLAB\R2012a\bin\win64\mtok.dll
0x000000006d740000 - 0x000000006d771000 	D:\Program Files\MATLAB\R2012a\bin\win64\m_pcodegen.dll
0x0000000079fb0000 - 0x0000000079fe7000 	D:\Program Files\MATLAB\R2012a\bin\win64\libmwbridge.dll
0x000000006d540000 - 0x000000006d608000 	D:\Program Files\MATLAB\R2012a\bin\win64\udd.dll
0x000000006d3e0000 - 0x000000006d532000 	D:\Program Files\MATLAB\R2012a\bin\win64\libmwgui.dll
0x000000006d720000 - 0x000000006d737000 	D:\Program Files\MATLAB\R2012a\bin\win64\graphics_util.dll
0x0000000065470000 - 0x0000000065e13000 	D:\Program Files\MATLAB\R2012a\bin\win64\hg.dll
0x0000000004b90000 - 0x0000000004bf7000 	D:\Program Files\MATLAB\R2012a\bin\win64\libmat.dll
0x0000000072d30000 - 0x0000000072f44000 	D:\Program Files\MATLAB\R2012a\bin\win64\hdf5dll.dll
0x0000000075710000 - 0x00000000757c1000 	D:\Program Files\MATLAB\R2012a\bin\win64\jmi.dll
0x0000000004c30000 - 0x0000000004c3e000 	D:\Program Files\MATLAB\R2012a\bin\win64\nativejava_services.dll
0x000000006d390000 - 0x000000006d3d2000 	D:\Program Files\MATLAB\R2012a\bin\win64\libmwhardcopy.dll
0x000000006d0b0000 - 0x000000006d10a000 	D:\Program Files\MATLAB\R2012a\bin\win64\libuij.dll
0x0000000068f40000 - 0x000000006914c000 	D:\Program Files\MATLAB\R2012a\bin\win64\hgdatatypes.dll
0x0000000069680000 - 0x000000006977d000 	D:\Program Files\MATLAB\R2012a\bin\win64\hgutils.dll
0x00000000695c0000 - 0x000000006967d000 	D:\Program Files\MATLAB\R2012a\bin\win64\udd_mi.dll
0x0000000004ca0000 - 0x0000000004cdb000 	D:\Program Files\MATLAB\R2012a\bin\win64\libmwgbtutils.dll
0x0000000004cf0000 - 0x0000000004d09000 	D:\Program Files\MATLAB\R2012a\bin\win64\libmwgbt.dll
0x0000000004d20000 - 0x0000000004fea000 	D:\Program Files\MATLAB\R2012a\bin\win64\uiw.dll
0x000000006dc10000 - 0x000000006dc1f000 	D:\Program Files\MATLAB\R2012a\bin\win64\uinone.dll
0x000007fef82a0000 - 0x000007fef82b8000 	C:\windows\system32\MPR.dll
0x0000000064f80000 - 0x0000000065464000 	C:\windows\WinSxS\amd64_microsoft.vc90.mfc_1fc8b3b9a1e18e3b_9.0.30729.4148_none_04480933ab2137b1\mfc90.dll
0x000007fefba20000 - 0x000007fefba27000 	C:\windows\system32\MSIMG32.dll
0x000007fef8120000 - 0x000007fef8190000 	C:\windows\system32\WINSPOOL.DRV
0x000000006d060000 - 0x000000006d080000 	D:\Program Files\MATLAB\R2012a\bin\win64\mwoles05.DLL
0x000000006cfe0000 - 0x000000006d05c000 	D:\Program Files\MATLAB\R2012a\bin\win64\comcli.dll
0x000000006b1e0000 - 0x000000006b20f000 	C:\windows\WinSxS\amd64_microsoft.vc90.atl_1fc8b3b9a1e18e3b_9.0.30729.4148_none_0a1d2fcba76b3f00\ATL90.DLL
0x000000006d710000 - 0x000000006d71c000 	D:\Program Files\MATLAB\R2012a\bin\win64\mlautoregister.dll
0x0000000005040000 - 0x0000000005050000 	D:\Program Files\MATLAB\R2012a\bin\win64\boost_iostreams-vc90-mt-1_44.dll
0x000007fefea80000 - 0x000007fefeaae000 	C:\windows\system32\IMM32.DLL
0x000007fefeed0000 - 0x000007fefefd9000 	C:\windows\system32\MSCTF.dll
0x000007fefc3d0000 - 0x000007fefc426000 	C:\windows\system32\UxTheme.dll
0x000007fefda30000 - 0x000007fefda48000 	C:\windows\system32\dwmapi.dll
0x000000006cfd0000 - 0x000000006cfd9000 	C:\windows\WinSxS\amd64_microsoft.vc90.mfcloc_1fc8b3b9a1e18e3b_9.0.30729.4148_none_01c6b44660ce74c3\MFC90CHS.DLL
0x00000000050a0000 - 0x00000000050c9000 	D:\Program Files\MATLAB\R2012a\bin\win64\tbbmalloc.dll
0x0000000078870000 - 0x0000000078ecd000 	D:\Program Files\MATLAB\R2012a\sys\java\jre\win64\jre\bin\server\jvm.dll
0x000007fefda80000 - 0x000007fefdabb000 	C:\windows\system32\WINMM.dll
0x000007fefd930000 - 0x000007fefd93f000 	C:\windows\system32\profapi.dll
0x000007fefb0d0000 - 0x000007fefb0f7000 	C:\windows\system32\iphlpapi.dll
0x000007fefb0c0000 - 0x000007fefb0cb000 	C:\windows\system32\WINNSI.DLL
0x000007fefd080000 - 0x000007fefd0db000 	C:\windows\system32\DNSAPI.dll
0x000007fefae20000 - 0x000007fefae31000 	C:\windows\system32\dhcpcsvc6.DLL
0x000007fefade0000 - 0x000007fefadf8000 	C:\windows\system32\dhcpcsvc.DLL
0x000000006b1d0000 - 0x000000006b1d3000 	C:\windows\system32\icmp.Dll
0x000007fefd860000 - 0x000007fefd86f000 	C:\windows\system32\CRYPTBASE.dll
0x000007fefdca0000 - 0x000007fefdcd6000 	C:\windows\system32\CFGMGR32.dll
0x000000007a440000 - 0x000000007a44e000 	D:\Program Files\MATLAB\R2012a\sys\java\jre\win64\jre\bin\verify.dll
0x000000007a070000 - 0x000000007a097000 	D:\Program Files\MATLAB\R2012a\sys\java\jre\win64\jre\bin\java.dll
0x000000007a540000 - 0x000000007a54a000 	D:\Program Files\MATLAB\R2012a\sys\java\jre\win64\jre\bin\hpi.dll
0x000000007a370000 - 0x000000007a382000 	D:\Program Files\MATLAB\R2012a\sys\java\jre\win64\jre\bin\zip.dll

VM Arguments:
jvm_args: -Xss512k -XX:PermSize=32m -Xms64m -XX:NewRatio=3 -XX:MaxPermSize=128m -Xmx196m -XX:MaxDirectMemorySize=2147400000 -Dsun.java2d.noddraw=true -Dsun.awt.nopixfmt=true -Xshare:off -Xrs -Dsun.awt.disableMixing=true -Djava.library.path=D:\Program Files\MATLAB\R2012a\bin\win64 vfprintf abort -Duser.language=en -Duser.country=US 
java_command: <unknown>
Launcher Type: generic

Environment Variables:
PATH=C:\windows\system32;C:\windows;C:\windows\System32\Wbem;C:\windows\System32\WindowsPowerShell\v1.0\;D:\Program Files\MATLAB\R2012a\runtime\win64;D:\Program Files\MATLAB\R2012a\bin
USERNAME=asus
OS=Windows_NT
PROCESSOR_IDENTIFIER=Intel64 Family 6 Model 58 Stepping 9, GenuineIntel



---------------  S Y S T E M  ---------------

OS: Windows 7 Build 7600 

CPU:total 4 (8 cores per cpu, 2 threads per core) family 6 model 58 stepping 9, cmov, cx8, fxsr, mmx, sse, sse2, sse3, ssse3, sse4.1, sse4.2, ht

Memory: 4k page, physical 4079036k(2093740k free), swap 8156176k(5681176k free)

vm_info: Java HotSpot(TM) 64-Bit Server VM (14.3-b01) for windows-amd64 JRE (1.6.0_17-b04), built on Oct 11 2009 00:46:08 by "java_re" with MS VC++ 8.0

time: Mon Aug 25 12:38:16 2014
elapsed time: 16292 seconds

